Flutter crash report.
Please report a bug at https://github.com/flutter/flutter/issues.

## command

flutter run

## exception

ExistingDartDevelopmentServiceException: DartDevelopmentServiceException: JSON-RPC error 100: Existing VM service clients prevent DDS from taking control.

```
```

## flutter doctor

```
[32m[✓][39m Flutter (Channel stable,
    3.32.7, on Microsoft
    Windows [Version
    10.0.22621.4317], locale
    en-US) [1,693ms]
    [32m•[39m Flutter version 3.32.7
      on channel stable at
      C:\flutter
    [32m•[39m Upstream repository
      https://github.com/flut
      ter/flutter.git
    [32m•[39m Framework revision
      d7b523b356 (9 days
      ago), 2025-07-15
      17:03:46 -0700
    [32m•[39m Engine revision
      39d6d6e699
    [32m•[39m Dart version 3.8.1
    [32m•[39m DevTools version 2.45.1

[32m[✓][39m Windows Version (11 Pro
    64-bit, 22H2, 2009)
    [3.3s]

[33m[!][39m Android toolchain -
    develop for Android
    devices (Android SDK
    version 36.0.0) [936ms]
    [32m•[39m Android SDK at
      C:\Users\Sonu
      computers\AppData\Local
      \Android\sdk
    [31m✗[39m cmdline-tools component
      is missing.
      Try installing or
      updating Android
      Studio.
      Alternatively, download
      the tools from
      https://developer.andro
      id.com/studio#command-l
      ine-tools-only and make
      sure to set the
      ANDROID_HOME
      environment variable.
      See
      https://developer.andro
      id.com/studio/command-l
      ine for more details.
    [31m✗[39m Android license status
      unknown.
      Run `flutter doctor
      --android-licenses` to
      accept the SDK
      licenses.
      See
      https://flutter.dev/to/
      windows-android-setup
      for more details.

[32m[✓][39m Chrome - develop for the
    web [548ms]
    [32m•[39m Chrome at C:\Program
      Files\Google\Chrome\App
      lication\chrome.exe

[31m[✗][39m Visual Studio - develop
    Windows apps [547ms]
    [31m✗[39m Visual Studio not
      installed; this is
      necessary to develop
      Windows apps.
      Download at
      https://visualstudio.mi
      crosoft.com/downloads/.
      Please install the
      "Desktop development
      with C++" workload,
      including all of its
      default components

[32m[✓][39m Android Studio (version
    2025.1.1) [16ms]
    [32m•[39m Android Studio at
      C:\Program
      Files\Android\Android
      Studio1
    [32m•[39m Flutter plugin can be
      installed from:
      🔨
      https://plugins.jetbrai
      ns.com/plugin/9212-flut
      ter
    [32m•[39m Dart plugin can be
      installed from:
      🔨
      https://plugins.jetbrai
      ns.com/plugin/6351-dart
    [32m•[39m Java version OpenJDK
      Runtime Environment
      (build
      21.0.6+-13391695-b895.1
      09)

[32m[✓][39m VS Code (version 1.102.1)
    [11ms]
    [32m•[39m VS Code at
      C:\Users\Sonu
      computers\AppData\Local
      \Programs\Microsoft VS
      Code
    [32m•[39m Flutter extension
      version 3.114.0

[32m[✓][39m Connected device (3
    available) [276ms]
    [32m•[39m Windows (desktop) •
      windows • windows-x64
      • Microsoft Windows
      [Version
      10.0.22621.4317]
    [32m•[39m Chrome (web)      •
      chrome  •
      web-javascript • Google
      Chrome 138.0.7204.158
    [32m•[39m Edge (web)        •
      edge    •
      web-javascript •
      Microsoft Edge
      138.0.3351.95

[32m[✓][39m Network resources
    [1,524ms]
    [32m•[39m All expected network
      resources are
      available.

[33m![39m Doctor found issues in 2
  categories.
```
